
Showing logs for build [32mcb-kubecd-environment-pr-195-14-jl2qh-1[0m stage [32mfrom-build-pack[0m and container [32mstep-credential-initializer-hxhvt[0m
{"level":"warn","ts":1586206902.0335655,"logger":"fallback-logger","caller":"logging/config.go:69","msg":"Fetch GitHub commit ID from kodata failed: \"ref: refs/heads/0.8.0-**-support-backwards-incompats\" is not a valid GitHub commit ID"}
{"level":"info","ts":1586206902.0343204,"logger":"fallback-logger","caller":"creds-init/main.go:40","msg":"Credentials initialized."}

Showing logs for build [32mcb-kubecd-environment-pr-195-14-jl2qh-1[0m stage [32mfrom-build-pack[0m and container [32mstep-working-dir-initializer-wxn54[0m
{"level":"warn","ts":1586206902.6339262,"logger":"fallback-logger","caller":"logging/config.go:69","msg":"Fetch GitHub commit ID from kodata failed: open /var/run/ko/HEAD: no such file or directory"}
{"level":"info","ts":1586206902.6351862,"logger":"fallback-logger","caller":"bash/main.go:64","msg":"Successfully executed command \"sh -c mkdir -p /workspace/source\"; output "}

Showing logs for build [32mcb-kubecd-environment-pr-195-14-jl2qh-1[0m stage [32mfrom-build-pack[0m and container [32mstep-place-tools[0m

Showing logs for build [32mcb-kubecd-environment-pr-195-14-jl2qh-1[0m stage [32mfrom-build-pack[0m and container [32mstep-git-source-cb-kubecd-environment-pr-195-14-jl2qh-9lxcg[0m
{"level":"warn","ts":1586206905.8063183,"logger":"fallback-logger","caller":"logging/config.go:69","msg":"Fetch GitHub commit ID from kodata failed: \"ref: refs/heads/0.8.0-**-support-backwards-incompats\" is not a valid GitHub commit ID"}
{"level":"info","ts":1586206906.8408144,"logger":"fallback-logger","caller":"git/git.go:103","msg":"Successfully cloned https://github.com/cb-kubecd/environment-pr-195-14-boot-gke-staging.git @ master in path /workspace/source"}

Showing logs for build [32mcb-kubecd-environment-pr-195-14-jl2qh-1[0m stage [32mfrom-build-pack[0m and container [32mstep-git-merge[0m
Using SHAs from PULL_REFS=master:72ece87f62b77d228c91387f1d78e63c395a4a8d,3:ce12d0134f0e788959472b7e623bb94cf9f785fa
DEBUG: LC_ALL=C JX_LOG_LEVEL=error git fetch origin --unshallow ce12d0134f0e788959472b7e623bb94cf9f785fa: 72ece87f62b77d228c91387f1d78e63c395a4a8d:
DEBUG: ran git fetch --unshallow origin ce12d0134f0e788959472b7e623bb94cf9f785fa: 72ece87f62b77d228c91387f1d78e63c395a4a8d: in 
DEBUG: LC_ALL=C JX_LOG_LEVEL=error git branch
DEBUG: LC_ALL=C JX_LOG_LEVEL=error git checkout master
DEBUG: ran git checkout master in 
DEBUG: LC_ALL=C JX_LOG_LEVEL=error git reset --hard 72ece87f62b77d228c91387f1d78e63c395a4a8d
DEBUG: ran git reset --hard 72ece87f62b77d228c91387f1d78e63c395a4a8d in 
DEBUG: LC_ALL=C JX_LOG_LEVEL=error git clean -fd .
DEBUG: ran clean --force -d . in 
DEBUG: LC_ALL=C JX_LOG_LEVEL=error git merge ce12d0134f0e788959472b7e623bb94cf9f785fa
DEBUG: ran git merge ce12d0134f0e788959472b7e623bb94cf9f785fa in 
DEBUG: LC_ALL=C JX_LOG_LEVEL=error git log --format=%H%x1f%an%x1f%ae%x1f%cn%x1f%ce%x1f%s%n%b%x1e 72ece87f62b77d228c91387f1d78e63c395a4a8d..HEAD
Merged SHA ce12d0134f0e788959472b7e623bb94cf9f785fa with commit message 'chore: Promote bdd-nh-1586205748 to version 0.0.1' into base branch master

Showing logs for build [32mcb-kubecd-environment-pr-195-14-jl2qh-1[0m stage [32mfrom-build-pack[0m and container [32mstep-build-helm-build[0m
WARNING: No $CHART_REPOSITORY defined so using the default value of: http://jenkins-x-chartmuseum:8080
Adding missing Helm repo: storage.googleapis.com https://storage.googleapis.com/chartmuseum.jenkins-x.io
WARNING: No secrets found on "helm/repos" due: reading the secret "helm/repos" from vault: no secret "helm/repos" not found in vault
Read credentials for https://storage.googleapis.com/chartmuseum.jenkins-x.io from vault helm/repos
Successfully added Helm repository storage.googleapis.com.
Adding missing Helm repo: jenkins-x-chartmuseum http://jenkins-x-chartmuseum:8080
WARNING: No secrets found on "helm/repos" due: reading the secret "helm/repos" from vault: no secret "helm/repos" not found in vault
Read credentials for http://jenkins-x-chartmuseum:8080 from vault helm/repos
Successfully added Helm repository jenkins-x-chartmuseum.
WARNING: No $CHART_REPOSITORY defined so using the default value of: http://jenkins-x-chartmuseum:8080
Adding missing Helm repo: chartmuseum.jenkins-x.io http://chartmuseum.jenkins-x.io
WARNING: No secrets found on "helm/repos" due: reading the secret "helm/repos" from vault: no secret "helm/repos" not found in vault
Read credentials for http://chartmuseum.jenkins-x.io from vault helm/repos
Successfully added Helm repository chartmuseum.jenkins-x.io.
