
Showing logs for build [32mcb-kubecd-environment-pr-195-14-sh6p8-1[0m stage [32mfrom-build-pack[0m and container [32mstep-credential-initializer-cmx4j[0m
{"level":"warn","ts":1586209237.0091524,"logger":"fallback-logger","caller":"logging/config.go:69","msg":"Fetch GitHub commit ID from kodata failed: \"ref: refs/heads/0.8.0-**-support-backwards-incompats\" is not a valid GitHub commit ID"}
{"level":"info","ts":1586209237.0099092,"logger":"fallback-logger","caller":"creds-init/main.go:40","msg":"Credentials initialized."}

Showing logs for build [32mcb-kubecd-environment-pr-195-14-sh6p8-1[0m stage [32mfrom-build-pack[0m and container [32mstep-working-dir-initializer-v4zwx[0m
{"level":"warn","ts":1586209238.0238404,"logger":"fallback-logger","caller":"logging/config.go:69","msg":"Fetch GitHub commit ID from kodata failed: open /var/run/ko/HEAD: no such file or directory"}
{"level":"info","ts":1586209238.0324283,"logger":"fallback-logger","caller":"bash/main.go:64","msg":"Successfully executed command \"sh -c mkdir -p /workspace/source\"; output "}

Showing logs for build [32mcb-kubecd-environment-pr-195-14-sh6p8-1[0m stage [32mfrom-build-pack[0m and container [32mstep-place-tools[0m

Showing logs for build [32mcb-kubecd-environment-pr-195-14-sh6p8-1[0m stage [32mfrom-build-pack[0m and container [32mstep-git-source-cb-kubecd-environment-pr-195-14-sh6p8-fgdmd[0m
{"level":"warn","ts":1586209242.1994445,"logger":"fallback-logger","caller":"logging/config.go:69","msg":"Fetch GitHub commit ID from kodata failed: \"ref: refs/heads/0.8.0-**-support-backwards-incompats\" is not a valid GitHub commit ID"}
{"level":"info","ts":1586209243.2905138,"logger":"fallback-logger","caller":"git/git.go:103","msg":"Successfully cloned https://github.com/cb-kubecd/environment-pr-195-14-boot-gke-staging.git @ master in path /workspace/source"}

Showing logs for build [32mcb-kubecd-environment-pr-195-14-sh6p8-1[0m stage [32mfrom-build-pack[0m and container [32mstep-git-merge[0m
Using SHAs from PULL_REFS=master:185c96a2ddd7649c0ffd48512a31fe177176d88f,7:01e64c00c2edf3b3cd9227de7aa4ea3b4d33a933
DEBUG: LC_ALL=C JX_LOG_LEVEL=error git fetch origin --unshallow 01e64c00c2edf3b3cd9227de7aa4ea3b4d33a933: 185c96a2ddd7649c0ffd48512a31fe177176d88f:
DEBUG: ran git fetch --unshallow origin 01e64c00c2edf3b3cd9227de7aa4ea3b4d33a933: 185c96a2ddd7649c0ffd48512a31fe177176d88f: in 
DEBUG: LC_ALL=C JX_LOG_LEVEL=error git branch
DEBUG: LC_ALL=C JX_LOG_LEVEL=error git checkout master
DEBUG: ran git checkout master in 
DEBUG: LC_ALL=C JX_LOG_LEVEL=error git reset --hard 185c96a2ddd7649c0ffd48512a31fe177176d88f
DEBUG: ran git reset --hard 185c96a2ddd7649c0ffd48512a31fe177176d88f in 
DEBUG: LC_ALL=C JX_LOG_LEVEL=error git clean -fd .
DEBUG: ran clean --force -d . in 
DEBUG: LC_ALL=C JX_LOG_LEVEL=error git merge 01e64c00c2edf3b3cd9227de7aa4ea3b4d33a933
DEBUG: ran git merge 01e64c00c2edf3b3cd9227de7aa4ea3b4d33a933 in 
DEBUG: LC_ALL=C JX_LOG_LEVEL=error git log --format=%H%x1f%an%x1f%ae%x1f%cn%x1f%ce%x1f%s%n%b%x1e 185c96a2ddd7649c0ffd48512a31fe177176d88f..HEAD
Merged SHA 01e64c00c2edf3b3cd9227de7aa4ea3b4d33a933 with commit message 'chore: Promote bdd-sbrp-import-1586208019 to version 0.0.1' into base branch master

Showing logs for build [32mcb-kubecd-environment-pr-195-14-sh6p8-1[0m stage [32mfrom-build-pack[0m and container [32mstep-build-helm-build[0m
WARNING: No $CHART_REPOSITORY defined so using the default value of: http://jenkins-x-chartmuseum:8080
Adding missing Helm repo: storage.googleapis.com https://storage.googleapis.com/chartmuseum.jenkins-x.io
WARNING: No secrets found on "helm/repos" due: reading the secret "helm/repos" from vault: no secret "helm/repos" not found in vault
Read credentials for https://storage.googleapis.com/chartmuseum.jenkins-x.io from vault helm/repos
Successfully added Helm repository storage.googleapis.com.
Adding missing Helm repo: jenkins-x-chartmuseum http://jenkins-x-chartmuseum:8080
WARNING: No secrets found on "helm/repos" due: reading the secret "helm/repos" from vault: no secret "helm/repos" not found in vault
Read credentials for http://jenkins-x-chartmuseum:8080 from vault helm/repos
Successfully added Helm repository jenkins-x-chartmuseum.
WARNING: No $CHART_REPOSITORY defined so using the default value of: http://jenkins-x-chartmuseum:8080
Adding missing Helm repo: chartmuseum.jenkins-x.io http://chartmuseum.jenkins-x.io
WARNING: No secrets found on "helm/repos" due: reading the secret "helm/repos" from vault: no secret "helm/repos" not found in vault
Read credentials for http://chartmuseum.jenkins-x.io from vault helm/repos
Successfully added Helm repository chartmuseum.jenkins-x.io.
