
Showing logs for build [32mcb-kubecd-environment-pr-195-14-cplp6-1[0m stage [32mfrom-build-pack[0m and container [32mstep-credential-initializer-grms5[0m
{"level":"warn","ts":1586207507.439616,"logger":"fallback-logger","caller":"logging/config.go:69","msg":"Fetch GitHub commit ID from kodata failed: \"ref: refs/heads/0.8.0-**-support-backwards-incompats\" is not a valid GitHub commit ID"}
{"level":"info","ts":1586207507.4401457,"logger":"fallback-logger","caller":"creds-init/main.go:40","msg":"Credentials initialized."}

Showing logs for build [32mcb-kubecd-environment-pr-195-14-cplp6-1[0m stage [32mfrom-build-pack[0m and container [32mstep-working-dir-initializer-l24kh[0m
{"level":"warn","ts":1586207508.8197753,"logger":"fallback-logger","caller":"logging/config.go:69","msg":"Fetch GitHub commit ID from kodata failed: open /var/run/ko/HEAD: no such file or directory"}
{"level":"info","ts":1586207508.8213673,"logger":"fallback-logger","caller":"bash/main.go:64","msg":"Successfully executed command \"sh -c mkdir -p /workspace/source\"; output "}

Showing logs for build [32mcb-kubecd-environment-pr-195-14-cplp6-1[0m stage [32mfrom-build-pack[0m and container [32mstep-place-tools[0m

Showing logs for build [32mcb-kubecd-environment-pr-195-14-cplp6-1[0m stage [32mfrom-build-pack[0m and container [32mstep-git-source-cb-kubecd-environment-pr-195-14-cplp6-cpb4p[0m
{"level":"warn","ts":1586207511.9002838,"logger":"fallback-logger","caller":"logging/config.go:69","msg":"Fetch GitHub commit ID from kodata failed: \"ref: refs/heads/0.8.0-**-support-backwards-incompats\" is not a valid GitHub commit ID"}
{"level":"info","ts":1586207512.9480677,"logger":"fallback-logger","caller":"git/git.go:103","msg":"Successfully cloned https://github.com/cb-kubecd/environment-pr-195-14-boot-gke-staging.git @ master in path /workspace/source"}

Showing logs for build [32mcb-kubecd-environment-pr-195-14-cplp6-1[0m stage [32mfrom-build-pack[0m and container [32mstep-git-merge[0m
Using SHAs from PULL_REFS=master:a8f5615a4f4676bd8431c1e777d60b035707c729,4:b64976d6a35dc6f52f3437cfb2c3f30b832a7cf1
DEBUG: LC_ALL=C JX_LOG_LEVEL=error git fetch origin --unshallow b64976d6a35dc6f52f3437cfb2c3f30b832a7cf1: a8f5615a4f4676bd8431c1e777d60b035707c729:
DEBUG: ran git fetch --unshallow origin b64976d6a35dc6f52f3437cfb2c3f30b832a7cf1: a8f5615a4f4676bd8431c1e777d60b035707c729: in 
DEBUG: LC_ALL=C JX_LOG_LEVEL=error git branch
DEBUG: JX_LOG_LEVEL=error LC_ALL=C git checkout master
DEBUG: ran git checkout master in 
DEBUG: LC_ALL=C JX_LOG_LEVEL=error git reset --hard a8f5615a4f4676bd8431c1e777d60b035707c729
DEBUG: ran git reset --hard a8f5615a4f4676bd8431c1e777d60b035707c729 in 
DEBUG: LC_ALL=C JX_LOG_LEVEL=error git clean -fd .
DEBUG: ran clean --force -d . in 
DEBUG: LC_ALL=C JX_LOG_LEVEL=error git merge b64976d6a35dc6f52f3437cfb2c3f30b832a7cf1
DEBUG: ran git merge b64976d6a35dc6f52f3437cfb2c3f30b832a7cf1 in 
DEBUG: LC_ALL=C JX_LOG_LEVEL=error git log --format=%H%x1f%an%x1f%ae%x1f%cn%x1f%ce%x1f%s%n%b%x1e a8f5615a4f4676bd8431c1e777d60b035707c729..HEAD
Merged SHA b64976d6a35dc6f52f3437cfb2c3f30b832a7cf1 with commit message 'chore: Promote bdd-gh-1586205748 to version 0.0.1' into base branch master

Showing logs for build [32mcb-kubecd-environment-pr-195-14-cplp6-1[0m stage [32mfrom-build-pack[0m and container [32mstep-build-helm-build[0m
WARNING: No $CHART_REPOSITORY defined so using the default value of: http://jenkins-x-chartmuseum:8080
Adding missing Helm repo: storage.googleapis.com https://storage.googleapis.com/chartmuseum.jenkins-x.io
WARNING: No secrets found on "helm/repos" due: reading the secret "helm/repos" from vault: no secret "helm/repos" not found in vault
Read credentials for https://storage.googleapis.com/chartmuseum.jenkins-x.io from vault helm/repos
Successfully added Helm repository storage.googleapis.com.
Adding missing Helm repo: jenkins-x-chartmuseum http://jenkins-x-chartmuseum:8080
WARNING: No secrets found on "helm/repos" due: reading the secret "helm/repos" from vault: no secret "helm/repos" not found in vault
Read credentials for http://jenkins-x-chartmuseum:8080 from vault helm/repos
Successfully added Helm repository jenkins-x-chartmuseum.
WARNING: No $CHART_REPOSITORY defined so using the default value of: http://jenkins-x-chartmuseum:8080
Adding missing Helm repo: chartmuseum.jenkins-x.io http://chartmuseum.jenkins-x.io
WARNING: No secrets found on "helm/repos" due: reading the secret "helm/repos" from vault: no secret "helm/repos" not found in vault
Read credentials for http://chartmuseum.jenkins-x.io from vault helm/repos
Successfully added Helm repository chartmuseum.jenkins-x.io.
